Arguments: 
  /data/data/com.termux/files/usr/bin/node /data/data/com.termux/files/usr/share/yarn/bin/yarn.js

PATH: 
  /data/data/com.termux/files/usr/bin

Yarn version: 
  1.22.19

Node version: 
  18.10.0

Platform: 
  android arm64

Trace: 
  SyntaxError: /data/data/com.termux/files/home/GHIZYJO/package.json: Unexpected end of JSON input
      at JSON.parse (<anonymous>)
      at /data/data/com.termux/files/usr/share/yarn/lib/cli.js:1629:59
      at Generator.next (<anonymous>)
      at step (/data/data/com.termux/files/usr/share/yarn/lib/cli.js:310:30)
      at /data/data/com.termux/files/usr/share/yarn/lib/cli.js:321:13

npm manifest: 
  

yarn manifest: 
  No manifest

Lockfile: 
  No lockfile
