0 verbose cli /data/data/com.termux/files/usr/bin/node /data/data/com.termux/files/usr/bin/npm
1 info using npm@8.19.2
2 info using node@v18.10.0
3 timing npm:load:whichnode Completed in 1ms
4 timing config:load:defaults Completed in 10ms
5 timing config:load:file:/data/data/com.termux/files/usr/lib/node_modules/npm/npmrc Completed in 5ms
6 timing config:load:builtin Completed in 6ms
7 timing config:load:cli Completed in 8ms
8 timing config:load:env Completed in 3ms
9 timing config:load:file:/storage/emulated/0/mank/.npmrc Completed in 1ms
10 timing config:load:project Completed in 12ms
11 timing config:load:file:/data/data/com.termux/files/home/.npmrc Completed in 8ms
12 timing config:load:user Completed in 9ms
13 timing config:load:file:/data/data/com.termux/files/usr/etc/npmrc Completed in 1ms
14 timing config:load:global Completed in 1ms
15 timing config:load:validate Completed in 2ms
16 timing config:load:credentials Completed in 7ms
17 timing config:load:setEnvs Completed in 4ms
18 timing config:load Completed in 67ms
19 timing npm:load:configload Completed in 68ms
20 timing npm:load:mkdirpcache Completed in 4ms
21 timing npm:load:mkdirplogs Completed in 2ms
22 verbose title npm start
23 verbose argv "start"
24 timing npm:load:setTitle Completed in 5ms
25 timing config:load:flatten Completed in 14ms
26 timing npm:load:display Completed in 21ms
27 verbose logfile logs-max:10 dir:/data/data/com.termux/files/home/.npm/_logs
28 verbose logfile /data/data/com.termux/files/home/.npm/_logs/2022-11-01T03_34_53_578Z-debug-0.log
29 timing npm:load:logFile Completed in 29ms
30 timing npm:load:timers Completed in 0ms
31 timing npm:load:configScope Completed in 1ms
32 timing npm:load Completed in 137ms
33 silly logfile start cleaning logs, removing 1 files
34 silly logfile done cleaning log files
